/!\ FAILSAFE /!\  Sat Jul 24 11:42:09 -0700 2010
  Status: 500 Internal Server Error
  no such file to load -- sqlite3/sqlite3_native
    E:/MyStuff/RoR/Ruby187/lib/ruby/site_ruby/1.8/rubygems/custom_require.rb:31:in `gem_original_require'
    E:/MyStuff/RoR/Ruby187/lib/ruby/site_ruby/1.8/rubygems/custom_require.rb:31:in `require'
    E:/MyStuff/RoR/Ruby187/lib/ruby/gems/1.8/gems/activesupport-2.3.8/lib/active_support/dependencies.rb:156:in `require'
    E:/MyStuff/RoR/Ruby187/lib/ruby/gems/1.8/gems/activesupport-2.3.8/lib/active_support/dependencies.rb:521:in `new_constants_in'
    E:/MyStuff/RoR/Ruby187/lib/ruby/gems/1.8/gems/activesupport-2.3.8/lib/active_support/dependencies.rb:156:in `require'
    E:/MyStuff/RoR/Ruby187/lib/ruby/gems/1.8/gems/sqlite3-ruby-1.3.1-x86-mingw32/lib/sqlite3.rb:6
    E:/MyStuff/RoR/Ruby187/lib/ruby/site_ruby/1.8/rubygems/custom_require.rb:36:in `gem_original_require'
    E:/MyStuff/RoR/Ruby187/lib/ruby/site_ruby/1.8/rubygems/custom_require.rb:36:in `require'
    E:/MyStuff/RoR/Ruby187/lib/ruby/gems/1.8/gems/activesupport-2.3.8/lib/active_support/dependencies.rb:156:in `require'
    E:/MyStuff/RoR/Ruby187/lib/ruby/gems/1.8/gems/activesupport-2.3.8/lib/active_support/dependencies.rb:521:in `new_constants_in'
    E:/MyStuff/RoR/Ruby187/lib/ruby/gems/1.8/gems/activesupport-2.3.8/lib/active_support/dependencies.rb:156:in `require'
    E:/MyStuff/RoR/Ruby187/lib/ruby/gems/1.8/gems/activesupport-2.3.8/lib/active_support/core_ext/kernel/requires.rb:7:in `require_library_or_gem'
    E:/MyStuff/RoR/Ruby187/lib/ruby/gems/1.8/gems/activesupport-2.3.8/lib/active_support/core_ext/kernel/reporting.rb:11:in `silence_warnings'
    E:/MyStuff/RoR/Ruby187/lib/ruby/gems/1.8/gems/activesupport-2.3.8/lib/active_support/core_ext/kernel/requires.rb:5:in `require_library_or_gem'
    E:/MyStuff/RoR/Ruby187/lib/ruby/gems/1.8/gems/activerecord-2.3.8/lib/active_record/connection_adapters/sqlite3_adapter.rb:10:in `sqlite3_connection'
    E:/MyStuff/RoR/Ruby187/lib/ruby/gems/1.8/gems/activerecord-2.3.8/lib/active_record/connection_adapters/abstract/connection_pool.rb:223:in `send'
    E:/MyStuff/RoR/Ruby187/lib/ruby/gems/1.8/gems/activerecord-2.3.8/lib/active_record/connection_adapters/abstract/connection_pool.rb:223:in `new_connection'
    E:/MyStuff/RoR/Ruby187/lib/ruby/gems/1.8/gems/activerecord-2.3.8/lib/active_record/connection_adapters/abstract/connection_pool.rb:245:in `checkout_new_connection'
    E:/MyStuff/RoR/Ruby187/lib/ruby/gems/1.8/gems/activerecord-2.3.8/lib/active_record/connection_adapters/abstract/connection_pool.rb:188:in `checkout'
    E:/MyStuff/RoR/Ruby187/lib/ruby/gems/1.8/gems/activerecord-2.3.8/lib/active_record/connection_adapters/abstract/connection_pool.rb:184:in `loop'
    E:/MyStuff/RoR/Ruby187/lib/ruby/gems/1.8/gems/activerecord-2.3.8/lib/active_record/connection_adapters/abstract/connection_pool.rb:184:in `checkout'
    E:/MyStuff/RoR/Ruby187/lib/ruby/1.8/monitor.rb:242:in `synchronize'
    E:/MyStuff/RoR/Ruby187/lib/ruby/gems/1.8/gems/activerecord-2.3.8/lib/active_record/connection_adapters/abstract/connection_pool.rb:183:in `checkout'
    E:/MyStuff/RoR/Ruby187/lib/ruby/gems/1.8/gems/activerecord-2.3.8/lib/active_record/connection_adapters/abstract/connection_pool.rb:98:in `connection'
    E:/MyStuff/RoR/Ruby187/lib/ruby/gems/1.8/gems/activerecord-2.3.8/lib/active_record/connection_adapters/abstract/connection_pool.rb:326:in `retrieve_connection'
    E:/MyStuff/RoR/Ruby187/lib/ruby/gems/1.8/gems/activerecord-2.3.8/lib/active_record/connection_adapters/abstract/connection_specification.rb:123:in `retrieve_connection'
    E:/MyStuff/RoR/Ruby187/lib/ruby/gems/1.8/gems/activerecord-2.3.8/lib/active_record/connection_adapters/abstract/connection_specification.rb:115:in `connection'
    E:/MyStuff/RoR/Ruby187/lib/ruby/gems/1.8/gems/activerecord-2.3.8/lib/active_record/query_cache.rb:9:in `cache'
    E:/MyStuff/RoR/Ruby187/lib/ruby/gems/1.8/gems/activerecord-2.3.8/lib/active_record/query_cache.rb:28:in `call'
    E:/MyStuff/RoR/Ruby187/lib/ruby/gems/1.8/gems/activerecord-2.3.8/lib/active_record/connection_adapters/abstract/connection_pool.rb:361:in `call'
    E:/MyStuff/RoR/Ruby187/lib/ruby/gems/1.8/gems/actionpack-2.3.8/lib/action_controller/string_coercion.rb:25:in `call'
    E:/MyStuff/RoR/Ruby187/lib/ruby/gems/1.8/gems/rack-1.1.0/lib/rack/head.rb:9:in `call'
    E:/MyStuff/RoR/Ruby187/lib/ruby/gems/1.8/gems/rack-1.1.0/lib/rack/methodoverride.rb:24:in `call'
    E:/MyStuff/RoR/Ruby187/lib/ruby/gems/1.8/gems/actionpack-2.3.8/lib/action_controller/params_parser.rb:15:in `call'
    E:/MyStuff/RoR/Ruby187/lib/ruby/gems/1.8/gems/actionpack-2.3.8/lib/action_controller/session/cookie_store.rb:99:in `call'
    E:/MyStuff/RoR/Ruby187/lib/ruby/gems/1.8/gems/actionpack-2.3.8/lib/action_controller/failsafe.rb:26:in `call'
    E:/MyStuff/RoR/Ruby187/lib/ruby/gems/1.8/gems/rack-1.1.0/lib/rack/lock.rb:11:in `call'
    E:/MyStuff/RoR/Ruby187/lib/ruby/gems/1.8/gems/rack-1.1.0/lib/rack/lock.rb:11:in `synchronize'
    E:/MyStuff/RoR/Ruby187/lib/ruby/gems/1.8/gems/rack-1.1.0/lib/rack/lock.rb:11:in `call'
    E:/MyStuff/RoR/Ruby187/lib/ruby/gems/1.8/gems/actionpack-2.3.8/lib/action_controller/dispatcher.rb:114:in `call'
    E:/MyStuff/RoR/Ruby187/lib/ruby/gems/1.8/gems/actionpack-2.3.8/lib/action_controller/reloader.rb:34:in `run'
    E:/MyStuff/RoR/Ruby187/lib/ruby/gems/1.8/gems/actionpack-2.3.8/lib/action_controller/dispatcher.rb:108:in `call'
    E:/MyStuff/RoR/Ruby187/lib/ruby/gems/1.8/gems/rails-2.3.8/lib/rails/rack/static.rb:31:in `call'
    E:/MyStuff/RoR/Ruby187/lib/ruby/gems/1.8/gems/rack-1.1.0/lib/rack/urlmap.rb:47:in `call'
    E:/MyStuff/RoR/Ruby187/lib/ruby/gems/1.8/gems/rack-1.1.0/lib/rack/urlmap.rb:41:in `each'
    E:/MyStuff/RoR/Ruby187/lib/ruby/gems/1.8/gems/rack-1.1.0/lib/rack/urlmap.rb:41:in `call'
    E:/MyStuff/RoR/Ruby187/lib/ruby/gems/1.8/gems/rails-2.3.8/lib/rails/rack/log_tailer.rb:17:in `call'
    E:/MyStuff/RoR/Ruby187/lib/ruby/gems/1.8/gems/rack-1.1.0/lib/rack/content_length.rb:13:in `call'
    E:/MyStuff/RoR/Ruby187/lib/ruby/gems/1.8/gems/rack-1.1.0/lib/rack/chunked.rb:15:in `call'
    E:/MyStuff/RoR/Ruby187/lib/ruby/gems/1.8/gems/rack-1.1.0/lib/rack/handler/mongrel.rb:67:in `process'
    E:/MyStuff/RoR/Ruby187/lib/ruby/gems/1.8/gems/mongrel-1.1.5-x86-mingw32/lib/mongrel.rb:159:in `process_client'
    E:/MyStuff/RoR/Ruby187/lib/ruby/gems/1.8/gems/mongrel-1.1.5-x86-mingw32/lib/mongrel.rb:158:in `each'
    E:/MyStuff/RoR/Ruby187/lib/ruby/gems/1.8/gems/mongrel-1.1.5-x86-mingw32/lib/mongrel.rb:158:in `process_client'
    E:/MyStuff/RoR/Ruby187/lib/ruby/gems/1.8/gems/mongrel-1.1.5-x86-mingw32/lib/mongrel.rb:285:in `run'
    E:/MyStuff/RoR/Ruby187/lib/ruby/gems/1.8/gems/mongrel-1.1.5-x86-mingw32/lib/mongrel.rb:285:in `initialize'
    E:/MyStuff/RoR/Ruby187/lib/ruby/gems/1.8/gems/mongrel-1.1.5-x86-mingw32/lib/mongrel.rb:285:in `new'
    E:/MyStuff/RoR/Ruby187/lib/ruby/gems/1.8/gems/mongrel-1.1.5-x86-mingw32/lib/mongrel.rb:285:in `run'
    E:/MyStuff/RoR/Ruby187/lib/ruby/gems/1.8/gems/mongrel-1.1.5-x86-mingw32/lib/mongrel.rb:268:in `initialize'
    E:/MyStuff/RoR/Ruby187/lib/ruby/gems/1.8/gems/mongrel-1.1.5-x86-mingw32/lib/mongrel.rb:268:in `new'
    E:/MyStuff/RoR/Ruby187/lib/ruby/gems/1.8/gems/mongrel-1.1.5-x86-mingw32/lib/mongrel.rb:268:in `run'
    E:/MyStuff/RoR/Ruby187/lib/ruby/gems/1.8/gems/rack-1.1.0/lib/rack/handler/mongrel.rb:38:in `run'
    E:/MyStuff/RoR/Ruby187/lib/ruby/gems/1.8/gems/rails-2.3.8/lib/commands/server.rb:111
    E:/MyStuff/RoR/Ruby187/lib/ruby/site_ruby/1.8/rubygems/custom_require.rb:31:in `gem_original_require'
    E:/MyStuff/RoR/Ruby187/lib/ruby/site_ruby/1.8/rubygems/custom_require.rb:31:in `require'
    script/server:3
  [4;36;1mSQL (0.0ms)[0m   [0;1m SELECT name
 FROM sqlite_master
 WHERE type = 'table' AND NOT name = 'sqlite_sequence'
[0m
  [4;35;1mSQL (0.0ms)[0m   [0mselect sqlite_version(*)[0m
  [4;36;1mSQL (140.6ms)[0m   [0;1mCREATE TABLE "schema_migrations" ("version" varchar(255) NOT NULL) [0m
  [4;35;1mSQL (0.0ms)[0m   [0mPRAGMA index_list("schema_migrations")[0m
  [4;36;1mSQL (93.8ms)[0m   [0;1mCREATE UNIQUE INDEX "unique_schema_migrations" ON "schema_migrations" ("version")[0m
  [4;35;1mSQL (0.0ms)[0m   [0m SELECT name
 FROM sqlite_master
 WHERE type = 'table' AND NOT name = 'sqlite_sequence'
[0m
  [4;36;1mSQL (0.0ms)[0m   [0;1m SELECT name
 FROM sqlite_master
 WHERE type = 'table' AND NOT name = 'sqlite_sequence'
[0m
  [4;35;1mSQL (0.0ms)[0m   [0mSELECT version FROM schema_migrations[0m
  [4;36;1mSQL (0.0ms)[0m   [0;1m SELECT name
 FROM sqlite_master
 WHERE type = 'table' AND NOT name = 'sqlite_sequence'
[0m


Processing Rails::InfoController#properties (for 127.0.0.1 at 2010-07-24 12:27:47) [GET]
  [4;36;1mSQL (0.0ms)[0m   [0;1m SELECT name
 FROM sqlite_master
 WHERE type = 'table' AND NOT name = 'sqlite_sequence'
[0m
  [4;35;1mSQL (0.0ms)[0m   [0mSELECT version FROM schema_migrations[0m
Completed in 125ms (View: 16, DB: 0) | 200 OK [http://localhost/rails/info/properties]
